mode: set
github.com/books-service/cmd/api/book/errors.go:8.37,10.2 1 0
github.com/books-service/cmd/api/book/service.go:41.93,47.2 1 1
github.com/books-service/cmd/api/book/service.go:49.80,52.2 2 1
github.com/books-service/cmd/api/book/service.go:60.88,73.16 4 1
github.com/books-service/cmd/api/book/service.go:73.16,74.13 1 1
github.com/books-service/cmd/api/book/service.go:74.13,78.18 4 1
github.com/books-service/cmd/api/book/service.go:78.18,80.5 1 0
github.com/books-service/cmd/api/book/service.go:83.2,83.15 1 1
github.com/books-service/cmd/api/book/service.go:93.88,105.2 3 1
github.com/books-service/cmd/api/book/service.go:107.76,109.2 1 1
github.com/books-service/cmd/api/book/service.go:130.95,132.16 2 1
github.com/books-service/cmd/api/book/service.go:132.16,133.47 1 0
github.com/books-service/cmd/api/book/service.go:133.47,135.4 1 0
github.com/books-service/cmd/api/book/service.go:136.3,140.31 2 0
github.com/books-service/cmd/api/book/service.go:142.2,142.21 1 1
github.com/books-service/cmd/api/book/service.go:142.21,151.3 2 1
github.com/books-service/cmd/api/book/service.go:153.2,154.16 2 1
github.com/books-service/cmd/api/book/service.go:154.16,156.3 1 1
github.com/books-service/cmd/api/book/service.go:159.2,160.16 2 1
github.com/books-service/cmd/api/book/service.go:160.16,161.47 1 1
github.com/books-service/cmd/api/book/service.go:161.47,163.4 1 1
github.com/books-service/cmd/api/book/service.go:164.3,168.31 2 1
github.com/books-service/cmd/api/book/service.go:171.2,179.29 2 1
github.com/books-service/cmd/api/book/service.go:183.77,185.23 2 1
github.com/books-service/cmd/api/book/service.go:185.23,187.3 1 1
github.com/books-service/cmd/api/book/service.go:189.2,189.24 1 1
github.com/books-service/cmd/api/http/handlers.go:23.89,28.2 1 1
github.com/books-service/cmd/api/http/handlers.go:31.72,38.16 5 0
github.com/books-service/cmd/api/http/handlers.go:39.22,41.9 2 0
github.com/books-service/cmd/api/http/handlers.go:42.22,44.9 2 0
github.com/books-service/cmd/api/http/handlers.go:45.25,47.9 2 0
github.com/books-service/cmd/api/http/handlers.go:48.10,50.9 2 0
github.com/books-service/cmd/api/http/handlers.go:55.69,62.16 5 1
github.com/books-service/cmd/api/http/handlers.go:63.22,65.9 2 1
github.com/books-service/cmd/api/http/handlers.go:66.23,68.9 2 1
github.com/books-service/cmd/api/http/handlers.go:69.10,71.9 2 0
github.com/books-service/cmd/api/http/handlers.go:76.75,78.16 2 0
github.com/books-service/cmd/api/http/handlers.go:78.16,80.3 1 0
github.com/books-service/cmd/api/http/handlers.go:82.2,83.16 2 0
github.com/books-service/cmd/api/http/handlers.go:83.16,86.3 2 0
github.com/books-service/cmd/api/http/handlers.go:88.2,88.62 1 0
github.com/books-service/cmd/api/http/handlers.go:98.74,101.16 3 1
github.com/books-service/cmd/api/http/handlers.go:101.16,109.3 4 1
github.com/books-service/cmd/api/http/handlers.go:111.2,112.16 2 1
github.com/books-service/cmd/api/http/handlers.go:112.16,115.3 2 1
github.com/books-service/cmd/api/http/handlers.go:117.2,120.16 3 1
github.com/books-service/cmd/api/http/handlers.go:120.16,123.3 2 1
github.com/books-service/cmd/api/http/handlers.go:125.2,125.65 1 1
github.com/books-service/cmd/api/http/handlers.go:129.74,131.16 2 0
github.com/books-service/cmd/api/http/handlers.go:131.16,133.3 1 0
github.com/books-service/cmd/api/http/handlers.go:135.2,137.16 3 0
github.com/books-service/cmd/api/http/handlers.go:137.16,145.3 4 0
github.com/books-service/cmd/api/http/handlers.go:147.2,148.16 2 0
github.com/books-service/cmd/api/http/handlers.go:148.16,151.3 2 0
github.com/books-service/cmd/api/http/handlers.go:153.2,156.16 3 0
github.com/books-service/cmd/api/http/handlers.go:156.16,159.3 2 0
github.com/books-service/cmd/api/http/handlers.go:161.2,161.61 1 0
github.com/books-service/cmd/api/http/handlers.go:165.75,167.16 2 0
github.com/books-service/cmd/api/http/handlers.go:167.16,169.3 1 0
github.com/books-service/cmd/api/http/handlers.go:171.2,172.16 2 0
github.com/books-service/cmd/api/http/handlers.go:172.16,175.3 2 0
github.com/books-service/cmd/api/http/handlers.go:177.2,177.62 1 0
github.com/books-service/cmd/api/http/handlers.go:181.73,188.23 5 1
github.com/books-service/cmd/api/http/handlers.go:188.23,190.17 2 1
github.com/books-service/cmd/api/http/handlers.go:190.17,193.4 2 0
github.com/books-service/cmd/api/http/handlers.go:194.3,194.35 1 1
github.com/books-service/cmd/api/http/handlers.go:195.8,197.3 1 1
github.com/books-service/cmd/api/http/handlers.go:199.2,201.23 3 1
github.com/books-service/cmd/api/http/handlers.go:201.23,203.17 2 1
github.com/books-service/cmd/api/http/handlers.go:203.17,206.4 2 0
github.com/books-service/cmd/api/http/handlers.go:207.3,207.35 1 1
github.com/books-service/cmd/api/http/handlers.go:208.8,210.3 1 1
github.com/books-service/cmd/api/http/handlers.go:212.2,213.12 2 1
github.com/books-service/cmd/api/http/handlers.go:213.12,216.3 2 1
github.com/books-service/cmd/api/http/handlers.go:218.2,220.27 3 1
github.com/books-service/cmd/api/http/handlers.go:220.27,222.3 1 1
github.com/books-service/cmd/api/http/handlers.go:224.2,225.12 2 1
github.com/books-service/cmd/api/http/handlers.go:225.12,228.3 2 1
github.com/books-service/cmd/api/http/handlers.go:230.2,242.16 3 1
github.com/books-service/cmd/api/http/handlers.go:242.16,245.3 2 0
github.com/books-service/cmd/api/http/handlers.go:247.2,247.66 1 1
github.com/books-service/cmd/api/http/handlers.go:251.46,252.26 1 1
github.com/books-service/cmd/api/http/handlers.go:252.26,254.3 1 0
github.com/books-service/cmd/api/http/handlers.go:255.2,255.28 1 1
github.com/books-service/cmd/api/http/handlers.go:255.28,257.3 1 0
github.com/books-service/cmd/api/http/handlers.go:258.2,258.32 1 1
github.com/books-service/cmd/api/http/handlers.go:258.32,260.3 1 1
github.com/books-service/cmd/api/http/handlers.go:262.2,262.12 1 1
github.com/books-service/cmd/api/http/handlers.go:266.58,272.2 1 1
github.com/books-service/cmd/api/http/handlers.go:275.72,282.2 1 0
github.com/books-service/cmd/api/http/handlers.go:285.82,288.16 3 0
github.com/books-service/cmd/api/http/handlers.go:288.16,292.3 3 0
github.com/books-service/cmd/api/http/handlers.go:293.2,293.16 1 0
github.com/books-service/cmd/api/http/handlers.go:305.47,313.2 1 1
github.com/books-service/cmd/api/http/handlers.go:324.69,326.36 2 1
github.com/books-service/cmd/api/http/handlers.go:326.36,328.3 1 1
github.com/books-service/cmd/api/http/handlers.go:330.2,336.3 1 1
github.com/books-service/cmd/api/http/handlers.go:340.64,344.16 4 1
github.com/books-service/cmd/api/http/handlers.go:344.16,348.3 3 0
github.com/books-service/cmd/api/http/handlers.go:352.93,354.23 2 1
github.com/books-service/cmd/api/http/handlers.go:355.10,356.24 1 1
github.com/books-service/cmd/api/http/handlers.go:357.13,358.8 1 0
github.com/books-service/cmd/api/http/handlers.go:359.14,360.8 1 1
github.com/books-service/cmd/api/http/handlers.go:361.10,362.38 1 0
github.com/books-service/cmd/api/http/handlers.go:365.2,366.16 2 1
github.com/books-service/cmd/api/http/handlers.go:367.10,368.18 1 1
github.com/books-service/cmd/api/http/handlers.go:369.14,370.8 1 0
github.com/books-service/cmd/api/http/handlers.go:371.15,372.8 1 0
github.com/books-service/cmd/api/http/handlers.go:373.19,374.8 1 1
github.com/books-service/cmd/api/http/handlers.go:375.20,376.8 1 0
github.com/books-service/cmd/api/http/handlers.go:377.20,378.8 1 0
github.com/books-service/cmd/api/http/handlers.go:379.10,380.38 1 1
github.com/books-service/cmd/api/http/handlers.go:383.2,383.36 1 1
github.com/books-service/cmd/api/http/handlers.go:387.75,390.19 3 1
github.com/books-service/cmd/api/http/handlers.go:390.19,392.3 1 1
github.com/books-service/cmd/api/http/handlers.go:392.8,394.17 2 1
github.com/books-service/cmd/api/http/handlers.go:394.17,396.4 1 0
github.com/books-service/cmd/api/http/handlers.go:397.3,397.16 1 1
github.com/books-service/cmd/api/http/handlers.go:397.16,399.4 1 0
github.com/books-service/cmd/api/http/handlers.go:402.2,403.23 2 1
github.com/books-service/cmd/api/http/handlers.go:403.23,405.3 1 1
github.com/books-service/cmd/api/http/handlers.go:405.8,407.17 2 1
github.com/books-service/cmd/api/http/handlers.go:407.17,409.4 1 0
github.com/books-service/cmd/api/http/handlers.go:410.3,410.39 1 1
github.com/books-service/cmd/api/http/handlers.go:410.39,412.4 1 1
github.com/books-service/cmd/api/http/handlers.go:415.2,415.29 1 1
github.com/books-service/cmd/api/http/handlers.go:418.69,419.9 1 1
github.com/books-service/cmd/api/http/handlers.go:420.59,422.9 2 0
github.com/books-service/cmd/api/http/handlers.go:423.52,426.9 3 0
github.com/books-service/cmd/api/http/handlers.go:427.48,430.9 3 1
github.com/books-service/cmd/api/http/handlers.go:431.10,433.48 2 0
github.com/books-service/cmd/api/http/httpserver.go:12.66,23.2 6 1
github.com/books-service/cmd/api/http/httpserver.go:26.51,28.30 2 0
github.com/books-service/cmd/api/http/httpserver.go:28.30,31.3 2 0
github.com/books-service/cmd/api/http/httpserver.go:31.8,34.3 2 0
github.com/books-service/cmd/api/notifications/notifications.go:22.88,28.2 1 1
github.com/books-service/cmd/api/notifications/notifications.go:30.104,31.18 1 1
github.com/books-service/cmd/api/notifications/notifications.go:31.18,33.3 1 0
github.com/books-service/cmd/api/notifications/notifications.go:35.2,39.16 4 1
github.com/books-service/cmd/api/notifications/notifications.go:39.16,41.3 1 0
github.com/books-service/cmd/api/notifications/notifications.go:43.2,44.16 2 1
github.com/books-service/cmd/api/notifications/notifications.go:44.16,46.3 1 1
github.com/books-service/cmd/api/notifications/notifications.go:47.2,47.12 1 1
